<?xml version="1.0" encoding="UTF-8"?>
<!-- Generated by org.testng.reporters.JUnitReportReporter -->
<testsuite skipped="0" hostname="cff300848300" name="com.loginModule.LoginTest" tests="4" failures="0" timestamp="2021-05-05T00:43:18 GMT" time="7.164" errors="0">
  <testcase name="loginEmptyUsername" time="1.678" classname="com.loginModule.LoginTest"/>
  <system-out/>
  <testcase name="loginPositive" time="1.933" classname="com.loginModule.LoginTest"/>
  <system-out/>
  <testcase name="loginEmptyPassword" time="1.397" classname="com.loginModule.LoginTest"/>
  <system-out/>
  <testcase name="loginUsernamePasswordNoMatch" time="2.156" classname="com.loginModule.LoginTest"/>
  <system-out/>
</testsuite> <!-- com.loginModule.LoginTest -->
